algoritmo -> PALAVRA_RESERVADA
teste_variaveis2 -> IDENTIFICADOR
; -> SIMBOLO_ESPECIAL
variaveis -> PALAVRA_RESERVADA
bitset -> IDENTIFICADOR
: -> SIMBOLO_ESPECIAL
matriz -> PALAVRA_RESERVADA
[ -> SIMBOLO_ESPECIAL
10 -> INTEIRO
] -> SIMBOLO_ESPECIAL
de -> PALAVRA_RESERVADA
logicos -> PALAVRA_RESERVADA
; -> SIMBOLO_ESPECIAL
quadr -> IDENTIFICADOR
: -> SIMBOLO_ESPECIAL
matriz -> PALAVRA_RESERVADA
[ -> SIMBOLO_ESPECIAL
4 -> INTEIRO
] -> SIMBOLO_ESPECIAL
[ -> SIMBOLO_ESPECIAL
4 -> INTEIRO
] -> SIMBOLO_ESPECIAL
de -> PALAVRA_RESERVADA
inteiros -> PALAVRA_RESERVADA
; -> SIMBOLO_ESPECIAL
fim_variaveis -> PALAVRA_RESERVADA
inicio -> PALAVRA_RESERVADA
fim -> PALAVRA_RESERVADA
