algoritmo -> PALAVRA_RESERVADA
idade -> IDENTIFICADOR
; -> SIMBOLO_ESPECIAL
variaveis -> PALAVRA_RESERVADA
idade -> IDENTIFICADOR
: -> SIMBOLO_ESPECIAL
inteiro -> PALAVRA_RESERVADA
; -> SIMBOLO_ESPECIAL
nome -> IDENTIFICADOR
: -> SIMBOLO_ESPECIAL
literal -> PALAVRA_RESERVADA
; -> SIMBOLO_ESPECIAL
fim_variaveis -> PALAVRA_RESERVADA
inicio -> PALAVRA_RESERVADA
imprima -> IDENTIFICADOR
( -> SIMBOLO_ESPECIAL
"Digite seu nome:" -> LITERAL
) -> SIMBOLO_ESPECIAL
; -> SIMBOLO_ESPECIAL
nome -> IDENTIFICADOR
:= -> ATRIBUICAO
leia -> IDENTIFICADOR
( -> SIMBOLO_ESPECIAL
) -> SIMBOLO_ESPECIAL
; -> SIMBOLO_ESPECIAL
imprima -> IDENTIFICADOR
( -> SIMBOLO_ESPECIAL
nome -> IDENTIFICADOR
, -> SIMBOLO_ESPECIAL
", digite sua idade:" -> LITERAL
) -> SIMBOLO_ESPECIAL
; -> SIMBOLO_ESPECIAL
idade -> IDENTIFICADOR
:= -> ATRIBUICAO
leia -> IDENTIFICADOR
( -> SIMBOLO_ESPECIAL
) -> SIMBOLO_ESPECIAL
; -> SIMBOLO_ESPECIAL
se -> PALAVRA_RESERVADA
idade -> IDENTIFICADOR
>= -> OPERADOR_RELACIONAL
18 -> INTEIRO
entao -> PALAVRA_RESERVADA
se -> PALAVRA_RESERVADA
idade -> IDENTIFICADOR
< -> OPERADOR_RELACIONAL
60 -> INTEIRO
entao -> PALAVRA_RESERVADA
imprima -> IDENTIFICADOR
( -> SIMBOLO_ESPECIAL
"adulto!" -> LITERAL
) -> SIMBOLO_ESPECIAL
; -> SIMBOLO_ESPECIAL
senao -> PALAVRA_RESERVADA
imprima -> IDENTIFICADOR
( -> SIMBOLO_ESPECIAL
"ancião" -> LITERAL
, -> SIMBOLO_ESPECIAL
'!' -> CARACTERE
) -> SIMBOLO_ESPECIAL
; -> SIMBOLO_ESPECIAL
fim_se -> PALAVRA_RESERVADA
senao -> PALAVRA_RESERVADA
imprima -> IDENTIFICADOR
( -> SIMBOLO_ESPECIAL
"menor" -> LITERAL
, -> SIMBOLO_ESPECIAL
"!" -> LITERAL
) -> SIMBOLO_ESPECIAL
; -> SIMBOLO_ESPECIAL
fim_se -> PALAVRA_RESERVADA
fim -> PALAVRA_RESERVADA
