algoritmo -> PALAVRA_RESERVADA
fatorial -> IDENTIFICADOR
; -> SIMBOLO_ESPECIAL
variaveis -> PALAVRA_RESERVADA
res -> IDENTIFICADOR
: -> SIMBOLO_ESPECIAL
inteiro -> PALAVRA_RESERVADA
; -> SIMBOLO_ESPECIAL
fat -> IDENTIFICADOR
: -> SIMBOLO_ESPECIAL
inteiro -> PALAVRA_RESERVADA
; -> SIMBOLO_ESPECIAL
x -> IDENTIFICADOR
: -> SIMBOLO_ESPECIAL
inteiro -> PALAVRA_RESERVADA
; -> SIMBOLO_ESPECIAL
fim_variaveis -> PALAVRA_RESERVADA
inicio -> PALAVRA_RESERVADA
imprima -> IDENTIFICADOR
( -> SIMBOLO_ESPECIAL
"Digite um numero:" -> LITERAL
) -> SIMBOLO_ESPECIAL
; -> SIMBOLO_ESPECIAL
x -> IDENTIFICADOR
:= -> ATRIBUICAO
leia -> IDENTIFICADOR
( -> SIMBOLO_ESPECIAL
) -> SIMBOLO_ESPECIAL
; -> SIMBOLO_ESPECIAL
fat -> IDENTIFICADOR
:= -> ATRIBUICAO
x -> IDENTIFICADOR
; -> SIMBOLO_ESPECIAL
res -> IDENTIFICADOR
:= -> ATRIBUICAO
1 -> INTEIRO
; -> SIMBOLO_ESPECIAL
enquanto -> PALAVRA_RESERVADA
x -> IDENTIFICADOR
<> -> OPERADOR_RELACIONAL
0 -> INTEIRO
faca -> PALAVRA_RESERVADA
res -> IDENTIFICADOR
:= -> ATRIBUICAO
res -> IDENTIFICADOR
* -> OPERADOR_ARITMETICO
x -> IDENTIFICADOR
; -> SIMBOLO_ESPECIAL
x -> IDENTIFICADOR
:= -> ATRIBUICAO
x -> IDENTIFICADOR
- -> OPERADOR_ARITMETICO
1 -> INTEIRO
; -> SIMBOLO_ESPECIAL
fim_enquanto -> PALAVRA_RESERVADA
imprima -> IDENTIFICADOR
( -> SIMBOLO_ESPECIAL
"fatorial de " -> LITERAL
, -> SIMBOLO_ESPECIAL
fat -> IDENTIFICADOR
, -> SIMBOLO_ESPECIAL
" eh igual a " -> LITERAL
, -> SIMBOLO_ESPECIAL
res -> IDENTIFICADOR
) -> SIMBOLO_ESPECIAL
; -> SIMBOLO_ESPECIAL
fim -> PALAVRA_RESERVADA
