algoritmo -> PALAVRA_RESERVADA
fatorial -> IDENTIFICADOR
; -> SIMBOLO_ESPECIAL
variaveis -> PALAVRA_RESERVADA
res -> IDENTIFICADOR
: -> SIMBOLO_ESPECIAL
inteiro -> PALAVRA_RESERVADA
; -> SIMBOLO_ESPECIAL
fat -> IDENTIFICADOR
: -> SIMBOLO_ESPECIAL
inteiro -> PALAVRA_RESERVADA
; -> SIMBOLO_ESPECIAL
x -> IDENTIFICADOR
: -> SIMBOLO_ESPECIAL
inteiro -> PALAVRA_RESERVADA
; -> SIMBOLO_ESPECIAL
fim -> PALAVRA_RESERVADA
- -> OPERADOR_ARITMETICO
variaveis -> PALAVRA_RESERVADA
inicio -> PALAVRA_RESERVADA
imprima -> IDENTIFICADOR
( -> SIMBOLO_ESPECIAL
"Digite um numero:" -> LITERAL
) -> SIMBOLO_ESPECIAL
; -> SIMBOLO_ESPECIAL
fat -> IDENTIFICADOR
:= -> ATRIBUICAO
leia -> IDENTIFICADOR
( -> SIMBOLO_ESPECIAL
) -> SIMBOLO_ESPECIAL
; -> SIMBOLO_ESPECIAL
res -> IDENTIFICADOR
:= -> ATRIBUICAO
1 -> INTEIRO
; -> SIMBOLO_ESPECIAL
para -> PALAVRA_RESERVADA
x -> IDENTIFICADOR
de -> PALAVRA_RESERVADA
fat -> IDENTIFICADOR
ate -> PALAVRA_RESERVADA
1 -> INTEIRO
passo -> PALAVRA_RESERVADA
-1 -> INTEIRO
faca -> PALAVRA_RESERVADA
res -> IDENTIFICADOR
:= -> ATRIBUICAO
res -> IDENTIFICADOR
* -> OPERADOR_ARITMETICO
x -> IDENTIFICADOR
; -> SIMBOLO_ESPECIAL
fim_para -> PALAVRA_RESERVADA
imprima -> IDENTIFICADOR
( -> SIMBOLO_ESPECIAL
"fatorial de " -> LITERAL
, -> SIMBOLO_ESPECIAL
fat -> IDENTIFICADOR
, -> SIMBOLO_ESPECIAL
" eh igual a " -> LITERAL
, -> SIMBOLO_ESPECIAL
res -> IDENTIFICADOR
) -> SIMBOLO_ESPECIAL
; -> SIMBOLO_ESPECIAL
fim -> PALAVRA_RESERVADA
