algoritmo -> PALAVRA_RESERVADA
fatorial_recursivo -> IDENTIFICADOR
; -> SIMBOLO_ESPECIAL
variaveis -> PALAVRA_RESERVADA
x -> IDENTIFICADOR
: -> SIMBOLO_ESPECIAL
inteiro -> PALAVRA_RESERVADA
; -> SIMBOLO_ESPECIAL
fim_variaveis -> PALAVRA_RESERVADA
inicio -> PALAVRA_RESERVADA
imprima -> IDENTIFICADOR
( -> SIMBOLO_ESPECIAL
"Digite um número:" -> LITERAL
) -> SIMBOLO_ESPECIAL
; -> SIMBOLO_ESPECIAL
x -> IDENTIFICADOR
:= -> ATRIBUICAO
leia -> IDENTIFICADOR
( -> SIMBOLO_ESPECIAL
) -> SIMBOLO_ESPECIAL
; -> SIMBOLO_ESPECIAL
imprima -> IDENTIFICADOR
( -> SIMBOLO_ESPECIAL
"fatorial de " -> LITERAL
, -> SIMBOLO_ESPECIAL
x -> IDENTIFICADOR
, -> SIMBOLO_ESPECIAL
" é igual a " -> LITERAL
, -> SIMBOLO_ESPECIAL
fatorial -> IDENTIFICADOR
( -> SIMBOLO_ESPECIAL
x -> IDENTIFICADOR
) -> SIMBOLO_ESPECIAL
) -> SIMBOLO_ESPECIAL
; -> SIMBOLO_ESPECIAL
fim -> PALAVRA_RESERVADA
funcao -> PALAVRA_RESERVADA
fatorial -> IDENTIFICADOR
( -> SIMBOLO_ESPECIAL
z -> IDENTIFICADOR
: -> SIMBOLO_ESPECIAL
inteiro -> PALAVRA_RESERVADA
) -> SIMBOLO_ESPECIAL
: -> SIMBOLO_ESPECIAL
inteiro -> PALAVRA_RESERVADA
inicio -> PALAVRA_RESERVADA
se -> PALAVRA_RESERVADA
z -> IDENTIFICADOR
= -> OPERADOR_RELACIONAL
1 -> INTEIRO
entao -> PALAVRA_RESERVADA
retorne -> PALAVRA_RESERVADA
1 -> INTEIRO
; -> SIMBOLO_ESPECIAL
senao -> PALAVRA_RESERVADA
retorne -> PALAVRA_RESERVADA
z -> IDENTIFICADOR
* -> OPERADOR_ARITMETICO
fatorial -> IDENTIFICADOR
( -> SIMBOLO_ESPECIAL
z -> IDENTIFICADOR
- -> OPERADOR_ARITMETICO
1 -> INTEIRO
) -> SIMBOLO_ESPECIAL
; -> SIMBOLO_ESPECIAL
fim_se -> PALAVRA_RESERVADA
fim -> PALAVRA_RESERVADA
