algoritmo -> PALAVRA_RESERVADA
io -> IDENTIFICADOR
; -> SIMBOLO_ESPECIAL
variaveis -> PALAVRA_RESERVADA
c -> IDENTIFICADOR
: -> SIMBOLO_ESPECIAL
caractere -> PALAVRA_RESERVADA
; -> SIMBOLO_ESPECIAL
i -> IDENTIFICADOR
: -> SIMBOLO_ESPECIAL
inteiro -> PALAVRA_RESERVADA
; -> SIMBOLO_ESPECIAL
r -> IDENTIFICADOR
: -> SIMBOLO_ESPECIAL
real -> PALAVRA_RESERVADA
; -> SIMBOLO_ESPECIAL
l -> IDENTIFICADOR
: -> SIMBOLO_ESPECIAL
literal -> PALAVRA_RESERVADA
; -> SIMBOLO_ESPECIAL
z -> IDENTIFICADOR
: -> SIMBOLO_ESPECIAL
logico -> PALAVRA_RESERVADA
; -> SIMBOLO_ESPECIAL
mat -> IDENTIFICADOR
: -> SIMBOLO_ESPECIAL
matriz -> PALAVRA_RESERVADA
[ -> SIMBOLO_ESPECIAL
2 -> INTEIRO
] -> SIMBOLO_ESPECIAL
de -> PALAVRA_RESERVADA
inteiros -> PALAVRA_RESERVADA
; -> SIMBOLO_ESPECIAL
fim_variaveis -> PALAVRA_RESERVADA
inicio -> PALAVRA_RESERVADA
imprima -> IDENTIFICADOR
( -> SIMBOLO_ESPECIAL
"digite um caractere" -> LITERAL
) -> SIMBOLO_ESPECIAL
; -> SIMBOLO_ESPECIAL
c -> IDENTIFICADOR
:= -> ATRIBUICAO
leia -> IDENTIFICADOR
( -> SIMBOLO_ESPECIAL
) -> SIMBOLO_ESPECIAL
; -> SIMBOLO_ESPECIAL
imprima -> IDENTIFICADOR
( -> SIMBOLO_ESPECIAL
"Digite um número inteiro" -> LITERAL
) -> SIMBOLO_ESPECIAL
; -> SIMBOLO_ESPECIAL
i -> IDENTIFICADOR
:= -> ATRIBUICAO
leia -> IDENTIFICADOR
( -> SIMBOLO_ESPECIAL
) -> SIMBOLO_ESPECIAL
; -> SIMBOLO_ESPECIAL
imprima -> IDENTIFICADOR
( -> SIMBOLO_ESPECIAL
"Digite um número real:" -> LITERAL
) -> SIMBOLO_ESPECIAL
; -> SIMBOLO_ESPECIAL
r -> IDENTIFICADOR
:= -> ATRIBUICAO
leia -> IDENTIFICADOR
( -> SIMBOLO_ESPECIAL
) -> SIMBOLO_ESPECIAL
; -> SIMBOLO_ESPECIAL
imprima -> IDENTIFICADOR
( -> SIMBOLO_ESPECIAL
"Digite um texto:" -> LITERAL
) -> SIMBOLO_ESPECIAL
; -> SIMBOLO_ESPECIAL
l -> IDENTIFICADOR
:= -> ATRIBUICAO
leia -> IDENTIFICADOR
( -> SIMBOLO_ESPECIAL
) -> SIMBOLO_ESPECIAL
; -> SIMBOLO_ESPECIAL
imprima -> IDENTIFICADOR
( -> SIMBOLO_ESPECIAL
"Digite um valor lógico (\"verdadeiro\" ou \"falso\"), um número ou um texto:" -> LITERAL
) -> SIMBOLO_ESPECIAL
; -> SIMBOLO_ESPECIAL
z -> IDENTIFICADOR
:= -> ATRIBUICAO
leia -> IDENTIFICADOR
( -> SIMBOLO_ESPECIAL
) -> SIMBOLO_ESPECIAL
; -> SIMBOLO_ESPECIAL
imprima -> IDENTIFICADOR
( -> SIMBOLO_ESPECIAL
"caractere: " -> LITERAL
, -> SIMBOLO_ESPECIAL
c -> IDENTIFICADOR
, -> SIMBOLO_ESPECIAL
", inteiro: " -> LITERAL
, -> SIMBOLO_ESPECIAL
i -> IDENTIFICADOR
, -> SIMBOLO_ESPECIAL
", real: " -> LITERAL
, -> SIMBOLO_ESPECIAL
r -> IDENTIFICADOR
, -> SIMBOLO_ESPECIAL
", texto: " -> LITERAL
, -> SIMBOLO_ESPECIAL
l -> IDENTIFICADOR
, -> SIMBOLO_ESPECIAL
", lógico: " -> LITERAL
, -> SIMBOLO_ESPECIAL
z -> IDENTIFICADOR
, -> SIMBOLO_ESPECIAL
"\n" -> LITERAL
) -> SIMBOLO_ESPECIAL
; -> SIMBOLO_ESPECIAL
fim -> PALAVRA_RESERVADA
