algoritmo -> PALAVRA_RESERVADA
atribuicao_de_matrizes -> IDENTIFICADOR
; -> SIMBOLO_ESPECIAL
variaveis -> PALAVRA_RESERVADA
m1 -> IDENTIFICADOR
: -> SIMBOLO_ESPECIAL
matriz -> PALAVRA_RESERVADA
[ -> SIMBOLO_ESPECIAL
2 -> INTEIRO
] -> SIMBOLO_ESPECIAL
de -> PALAVRA_RESERVADA
inteiros -> PALAVRA_RESERVADA
; -> SIMBOLO_ESPECIAL
m2 -> IDENTIFICADOR
: -> SIMBOLO_ESPECIAL
matriz -> PALAVRA_RESERVADA
[ -> SIMBOLO_ESPECIAL
2 -> INTEIRO
] -> SIMBOLO_ESPECIAL
de -> PALAVRA_RESERVADA
inteiros -> PALAVRA_RESERVADA
; -> SIMBOLO_ESPECIAL
fim_variaveis -> PALAVRA_RESERVADA
inicio -> PALAVRA_RESERVADA
m1 -> IDENTIFICADOR
:= -> ATRIBUICAO
m2 -> IDENTIFICADOR
; -> SIMBOLO_ESPECIAL
imprima -> IDENTIFICADOR
( -> SIMBOLO_ESPECIAL
m1 -> IDENTIFICADOR
) -> SIMBOLO_ESPECIAL
; -> SIMBOLO_ESPECIAL
fim -> PALAVRA_RESERVADA
