algoritmo -> PALAVRA_RESERVADA
teste_vars -> IDENTIFICADOR
; -> SIMBOLO_ESPECIAL
variaveis -> PALAVRA_RESERVADA
i -> IDENTIFICADOR
: -> SIMBOLO_ESPECIAL
inteiro -> PALAVRA_RESERVADA
; -> SIMBOLO_ESPECIAL
r -> IDENTIFICADOR
: -> SIMBOLO_ESPECIAL
real -> PALAVRA_RESERVADA
; -> SIMBOLO_ESPECIAL
fim_variaveis -> PALAVRA_RESERVADA
inicio -> PALAVRA_RESERVADA
i -> IDENTIFICADOR
:= -> ATRIBUICAO
42 -> INTEIRO
; -> SIMBOLO_ESPECIAL
i -> IDENTIFICADOR
:= -> ATRIBUICAO
-42 -> INTEIRO
; -> SIMBOLO_ESPECIAL
i -> IDENTIFICADOR
:= -> ATRIBUICAO
-00001 -> INTEIRO
; -> SIMBOLO_ESPECIAL
i -> IDENTIFICADOR
:= -> ATRIBUICAO
+0001 -> INTEIRO
; -> SIMBOLO_ESPECIAL
i -> IDENTIFICADOR
:= -> ATRIBUICAO
0xFF -> INTEIRO
; -> SIMBOLO_ESPECIAL
i -> IDENTIFICADOR
:= -> ATRIBUICAO
0XFF -> INTEIRO
; -> SIMBOLO_ESPECIAL
i -> IDENTIFICADOR
:= -> ATRIBUICAO
0xEfaB -> INTEIRO
; -> SIMBOLO_ESPECIAL
i -> IDENTIFICADOR
:= -> ATRIBUICAO
0c037 -> INTEIRO
; -> SIMBOLO_ESPECIAL
i -> IDENTIFICADOR
:= -> ATRIBUICAO
0C037 -> INTEIRO
; -> SIMBOLO_ESPECIAL
i -> IDENTIFICADOR
:= -> ATRIBUICAO
0c03 -> INTEIRO
8 -> INTEIRO
; -> SIMBOLO_ESPECIAL
i -> IDENTIFICADOR
:= -> ATRIBUICAO
0b1001 -> INTEIRO
; -> SIMBOLO_ESPECIAL
i -> IDENTIFICADOR
:= -> ATRIBUICAO
0B110 -> INTEIRO
; -> SIMBOLO_ESPECIAL
i -> IDENTIFICADOR
:= -> ATRIBUICAO
-0 -> INTEIRO
b11 -> IDENTIFICADOR
; -> SIMBOLO_ESPECIAL
r -> IDENTIFICADOR
:= -> ATRIBUICAO
1.234 -> REAL
; -> SIMBOLO_ESPECIAL
r -> IDENTIFICADOR
:= -> ATRIBUICAO
-0.132 -> REAL
; -> SIMBOLO_ESPECIAL
r -> IDENTIFICADOR
:= -> ATRIBUICAO
+0.2354 -> REAL
; -> SIMBOLO_ESPECIAL
r -> IDENTIFICADOR
:= -> ATRIBUICAO
1.1 -> REAL
. -> DESCONHECIDO
1 -> INTEIRO
; -> SIMBOLO_ESPECIAL
fim -> PALAVRA_RESERVADA
